<?xml version="1.0" encoding="UTF-8"?>
<!-- Generated by org.testng.reporters.JUnitReportReporter -->
<testsuite hostname="SARDARBASHA" failures="0" tests="1" name="HWKSalesConsole.createNewBusinessH092Quote" time="311.486" errors="1" timestamp="2023-10-04T17:15:17 IST" skipped="0">
  <testcase classname="HWKSalesConsole.createNewBusinessH092Quote" name="createQuote" time="311.486">
    <error message="element click intercepted: Element &lt;input vlocity_ins-combobox_combobox_slds=&quot;&quot; class=&quot;slds-input slds-listbox__option-text_entity&quot; aria-describedby=&quot;errorMessageBlock-2469&quot; aria-expanded=&quot;false&quot; aria-haspopup=&quot;listbox&quot; aria-controls=&quot;combobox-list-2469&quot; role=&quot;combobox&quot; data-value=&quot;&quot; required=&quot;&quot; autocomplete=&quot;off&quot; id=&quot;comboboxId-2469&quot; aria-invalid=&quot;false&quot;&gt; is not clickable at point (346, 322). Other element would receive the click: &lt;vlocity_ins-omniscript-dr-transform-action c-quotehomeownersenglish_quotehomeownersenglish=&quot;&quot; data-omni-key=&quot;CalculateCoveragesB/C/D&quot; class=&quot;slds-p-right_small slds-m-bottom_xx-small slds-show_inline-block slds-size_12-of-12 slds-medium-size_12-of-12&quot; vlocity_ins-omniscriptbaseaction_omniscriptbaseaction-host=&quot;&quot;&gt;&lt;/vlocity_ins-omniscript-dr-transform-action&gt;
  (Session info: chrome=117.0.5938.134)
Build info: version: &#039;4.12.1&#039;, revision: &#039;8e34639b11&#039;
System info: os.name: &#039;Windows 11&#039;, os.arch: &#039;amd64&#039;, os.version: &#039;10.0&#039;, java.version: &#039;17.0.8&#039;
Driver info: org.openqa.selenium.chrome.ChromeDriver
Command: [f1e80ca853269c61ecd5cf4169c1b1b7, clickElement {id=D9054E4E44D06A7C9F06999F43DA45CE_element_971}]
Capabilities {acceptInsecureCerts: false, browserName: chrome, browserVersion: 117.0.5938.134, chrome: {chromedriverVersion: 117.0.5938.92 (67649b10b92b..., userDataDir: C:\Users\sarda\AppData\Loca...}, fedcm:accounts: true, goog:chromeOptions: {debuggerAddress: localhost:58028}, networkConnectionEnabled: false, pageLoadStrategy: normal, platformName: windows, proxy: Proxy(), se:cdp: ws://localhost:58028/devtoo..., se:cdpVersion: 117.0.5938.134, setWindowRect: true, strictFileInteractability: false, timeouts: {implicit: 0, pageLoad: 300000, script: 30000}, unhandledPromptBehavior: dismiss and notify, webauthn:extension:credBlob: true, webauthn:extension:largeBlob: true, webauthn:extension:minPinLength: true, webauthn:extension:prf: true, webauthn:virtualAuthenticators: true}
Element: [[ChromeDriver: chrome on windows (f1e80ca853269c61ecd5cf4169c1b1b7)] -&gt; xpath: //*[@data-omni-key=&#039;CoverageEPersonal&#039;]//input]
Session ID: f1e80ca853269c61ecd5cf4169c1b1b7" type="org.openqa.selenium.ElementClickInterceptedException">
      <![CDATA[org.openqa.selenium.ElementClickInterceptedException: element click intercepted: Element <input vlocity_ins-combobox_combobox_slds="" class="slds-input slds-listbox__option-text_entity" aria-describedby="errorMessageBlock-2469" aria-expanded="false" aria-haspopup="listbox" aria-controls="combobox-list-2469" role="combobox" data-value="" required="" autocomplete="off" id="comboboxId-2469" aria-invalid="false"> is not clickable at point (346, 322). Other element would receive the click: <vlocity_ins-omniscript-dr-transform-action c-quotehomeownersenglish_quotehomeownersenglish="" data-omni-key="CalculateCoveragesB/C/D" class="slds-p-right_small slds-m-bottom_xx-small slds-show_inline-block slds-size_12-of-12 slds-medium-size_12-of-12" vlocity_ins-omniscriptbaseaction_omniscriptbaseaction-host=""></vlocity_ins-omniscript-dr-transform-action>
  (Session info: chrome=117.0.5938.134)
Build info: version: '4.12.1', revision: '8e34639b11'
System info: os.name: 'Windows 11', os.arch: 'amd64', os.version: '10.0', java.version: '17.0.8'
Driver info: org.openqa.selenium.chrome.ChromeDriver
Command: [f1e80ca853269c61ecd5cf4169c1b1b7, clickElement {id=D9054E4E44D06A7C9F06999F43DA45CE_element_971}]
Capabilities {acceptInsecureCerts: false, browserName: chrome, browserVersion: 117.0.5938.134, chrome: {chromedriverVersion: 117.0.5938.92 (67649b10b92b..., userDataDir: C:\Users\sarda\AppData\Loca...}, fedcm:accounts: true, goog:chromeOptions: {debuggerAddress: localhost:58028}, networkConnectionEnabled: false, pageLoadStrategy: normal, platformName: windows, proxy: Proxy(), se:cdp: ws://localhost:58028/devtoo..., se:cdpVersion: 117.0.5938.134, setWindowRect: true, strictFileInteractability: false, timeouts: {implicit: 0, pageLoad: 300000, script: 30000}, unhandledPromptBehavior: dismiss and notify, webauthn:extension:credBlob: true, webauthn:extension:largeBlob: true, webauthn:extension:minPinLength: true, webauthn:extension:prf: true, webauthn:virtualAuthenticators: true}
Element: [[ChromeDriver: chrome on windows (f1e80ca853269c61ecd5cf4169c1b1b7)] -> xpath: //*[@data-omni-key='CoverageEPersonal']//input]
Session ID: f1e80ca853269c61ecd5cf4169c1b1b7
at java.base/jdk.internal.reflect.NativeConstructorAccessorImpl.newInstance0(Native Method)
at java.base/jdk.internal.reflect.NativeConstructorAccessorImpl.newInstance(NativeConstructorAccessorImpl.java:77)
at java.base/jdk.internal.reflect.DelegatingConstructorAccessorImpl.newInstance(DelegatingConstructorAccessorImpl.java:45)
at java.base/java.lang.reflect.Constructor.newInstanceWithCaller(Constructor.java:499)
at java.base/java.lang.reflect.Constructor.newInstance(Constructor.java:480)
at org.openqa.selenium.remote.codec.w3c.W3CHttpResponseCodec.createException(W3CHttpResponseCodec.java:200)
at org.openqa.selenium.remote.codec.w3c.W3CHttpResponseCodec.decode(W3CHttpResponseCodec.java:133)
at org.openqa.selenium.remote.codec.w3c.W3CHttpResponseCodec.decode(W3CHttpResponseCodec.java:52)
at org.openqa.selenium.remote.HttpCommandExecutor.execute(HttpCommandExecutor.java:191)
at org.openqa.selenium.remote.service.DriverCommandExecutor.invokeExecute(DriverCommandExecutor.java:196)
at org.openqa.selenium.remote.service.DriverCommandExecutor.execute(DriverCommandExecutor.java:171)
at org.openqa.selenium.remote.RemoteWebDriver.execute(RemoteWebDriver.java:602)
at org.openqa.selenium.remote.RemoteWebElement.execute(RemoteWebElement.java:224)
at org.openqa.selenium.remote.RemoteWebElement.click(RemoteWebElement.java:77)
at HWKSalesConsole.RiskDetailsStep.riskdetailstep(RiskDetailsStep.java:30)
at HWKSalesConsole.createNewBusinessH092Quote.createQuote(createNewBusinessH092Quote.java:54)
at java.base/jdk.internal.reflect.NativeMethodAccessorImpl.invoke0(Native Method)
at java.base/jdk.internal.reflect.NativeMethodAccessorImpl.invoke(NativeMethodAccessorImpl.java:77)
at java.base/jdk.internal.reflect.DelegatingMethodAccessorImpl.invoke(DelegatingMethodAccessorImpl.java:43)
at java.base/java.lang.reflect.Method.invoke(Method.java:568)
at org.testng.internal.invokers.MethodInvocationHelper.invokeMethod(MethodInvocationHelper.java:139)
at org.testng.internal.invokers.TestInvoker.invokeMethod(TestInvoker.java:664)
at org.testng.internal.invokers.TestInvoker.invokeTestMethod(TestInvoker.java:227)
at org.testng.internal.invokers.MethodRunner.runInSequence(MethodRunner.java:50)
at org.testng.internal.invokers.TestInvoker$MethodInvocationAgent.invoke(TestInvoker.java:957)
at org.testng.internal.invokers.TestInvoker.invokeTestMethods(TestInvoker.java:200)
at org.testng.internal.invokers.TestMethodWorker.invokeTestMethods(TestMethodWorker.java:148)
at org.testng.internal.invokers.TestMethodWorker.run(TestMethodWorker.java:128)
at java.base/java.util.ArrayList.forEach(ArrayList.java:1511)
at org.testng.TestRunner.privateRun(TestRunner.java:848)
at org.testng.TestRunner.run(TestRunner.java:621)
at org.testng.SuiteRunner.runTest(SuiteRunner.java:443)
at org.testng.SuiteRunner.runSequentially(SuiteRunner.java:437)
at org.testng.SuiteRunner.privateRun(SuiteRunner.java:397)
at org.testng.SuiteRunner.run(SuiteRunner.java:336)
at org.testng.SuiteRunnerWorker.runSuite(SuiteRunnerWorker.java:52)
at org.testng.SuiteRunnerWorker.run(SuiteRunnerWorker.java:95)
at org.testng.TestNG.runSuitesSequentially(TestNG.java:1280)
at org.testng.TestNG.runSuitesLocally(TestNG.java:1200)
at org.testng.TestNG.runSuites(TestNG.java:1114)
at org.testng.TestNG.run(TestNG.java:1082)
at org.testng.remote.AbstractRemoteTestNG.run(AbstractRemoteTestNG.java:115)
at org.testng.remote.RemoteTestNG.initAndRun(RemoteTestNG.java:251)
at org.testng.remote.RemoteTestNG.main(RemoteTestNG.java:77)
]]>
    </error>
  </testcase> <!-- createQuote -->
</testsuite> <!-- HWKSalesConsole.createNewBusinessH092Quote -->
