<?xml version="1.0" encoding="UTF-8"?>
<!-- Generated by org.testng.reporters.JUnitReportReporter -->
<testsuite hostname="DESKTOP-221B81F" failures="0" tests="1" name="SITTestScripts.CreateTask" time="52.565" errors="1" timestamp="2024-01-11T18:00:15 IST" skipped="0">
  <testcase classname="SITTestScripts.CreateTask" name="CreateNewTask" time="52.565">
    <error message="element click intercepted: Element &lt;input lwc-4kb6kaqheak=&quot;&quot; class=&quot;slds-combobox__input slds-input&quot; id=&quot;combobox-input-693&quot; type=&quot;text&quot; role=&quot;combobox&quot; aria-expanded=&quot;false&quot; aria-haspopup=&quot;listbox&quot; required=&quot;&quot; autocomplete=&quot;off&quot; placeholder=&quot;&quot; maxlength=&quot;255&quot; aria-autocomplete=&quot;list&quot; aria-owns=&quot;dropdown-element-693&quot; part=&quot;input&quot; aria-controls=&quot;dropdown-element-693&quot;&gt; is not clickable at point (1161, 280). Other element would receive the click: &lt;lightning-primitive-bubble role=&quot;tooltip&quot; lwc-5fnnbdvmu3k-host=&quot;&quot; id=&quot;salesforce-lightning-tooltip-bubble_c1e6e8f3-a780-5860-0fbf-60edf819bd99&quot; style=&quot;position: absolute; min-width: 75px; z-index: 9100; left: 1116px; right: auto; top: 277px;&quot; data-position-id=&quot;lgcp-1000002&quot;&gt;&lt;/lightning-primitive-bubble&gt;
  (Session info: chrome=120.0.6099.201)
Build info: version: &#039;4.12.1&#039;, revision: &#039;8e34639b11&#039;
System info: os.name: &#039;Windows 10&#039;, os.arch: &#039;amd64&#039;, os.version: &#039;10.0&#039;, java.version: &#039;17.0.9&#039;
Driver info: org.openqa.selenium.chrome.ChromeDriver
Command: [9bd853efb400d39d419a1d52642dcb11, clickElement {id=6AE7D93E35F3B91AA5CCE6B9502521BA_element_371}]
Capabilities {acceptInsecureCerts: false, browserName: chrome, browserVersion: 120.0.6099.201, chrome: {chromedriverVersion: 120.0.6099.109 (3419140ab66..., userDataDir: C:\Users\DELL\AppData\Local...}, fedcm:accounts: true, goog:chromeOptions: {debuggerAddress: localhost:60864}, networkConnectionEnabled: false, pageLoadStrategy: normal, platformName: windows, proxy: Proxy(), se:cdp: ws://localhost:60864/devtoo..., se:cdpVersion: 120.0.6099.201, setWindowRect: true, strictFileInteractability: false, timeouts: {implicit: 0, pageLoad: 300000, script: 30000}, unhandledPromptBehavior: dismiss and notify, webauthn:extension:credBlob: true, webauthn:extension:largeBlob: true, webauthn:extension:minPinLength: true, webauthn:extension:prf: true, webauthn:virtualAuthenticators: true}
Element: [[ChromeDriver: chrome on windows (9bd853efb400d39d419a1d52642dcb11)] -&gt; xpath: //label[text()=&#039;Subject&#039;]/..//input]
Session ID: 9bd853efb400d39d419a1d52642dcb11" type="org.openqa.selenium.ElementClickInterceptedException">
      <![CDATA[org.openqa.selenium.ElementClickInterceptedException: element click intercepted: Element <input lwc-4kb6kaqheak="" class="slds-combobox__input slds-input" id="combobox-input-693" type="text" role="combobox" aria-expanded="false" aria-haspopup="listbox" required="" autocomplete="off" placeholder="" maxlength="255" aria-autocomplete="list" aria-owns="dropdown-element-693" part="input" aria-controls="dropdown-element-693"> is not clickable at point (1161, 280). Other element would receive the click: <lightning-primitive-bubble role="tooltip" lwc-5fnnbdvmu3k-host="" id="salesforce-lightning-tooltip-bubble_c1e6e8f3-a780-5860-0fbf-60edf819bd99" style="position: absolute; min-width: 75px; z-index: 9100; left: 1116px; right: auto; top: 277px;" data-position-id="lgcp-1000002"></lightning-primitive-bubble>
  (Session info: chrome=120.0.6099.201)
Build info: version: '4.12.1', revision: '8e34639b11'
System info: os.name: 'Windows 10', os.arch: 'amd64', os.version: '10.0', java.version: '17.0.9'
Driver info: org.openqa.selenium.chrome.ChromeDriver
Command: [9bd853efb400d39d419a1d52642dcb11, clickElement {id=6AE7D93E35F3B91AA5CCE6B9502521BA_element_371}]
Capabilities {acceptInsecureCerts: false, browserName: chrome, browserVersion: 120.0.6099.201, chrome: {chromedriverVersion: 120.0.6099.109 (3419140ab66..., userDataDir: C:\Users\DELL\AppData\Local...}, fedcm:accounts: true, goog:chromeOptions: {debuggerAddress: localhost:60864}, networkConnectionEnabled: false, pageLoadStrategy: normal, platformName: windows, proxy: Proxy(), se:cdp: ws://localhost:60864/devtoo..., se:cdpVersion: 120.0.6099.201, setWindowRect: true, strictFileInteractability: false, timeouts: {implicit: 0, pageLoad: 300000, script: 30000}, unhandledPromptBehavior: dismiss and notify, webauthn:extension:credBlob: true, webauthn:extension:largeBlob: true, webauthn:extension:minPinLength: true, webauthn:extension:prf: true, webauthn:virtualAuthenticators: true}
Element: [[ChromeDriver: chrome on windows (9bd853efb400d39d419a1d52642dcb11)] -> xpath: //label[text()='Subject']/..//input]
Session ID: 9bd853efb400d39d419a1d52642dcb11
at java.base/jdk.internal.reflect.NativeConstructorAccessorImpl.newInstance0(Native Method)
at java.base/jdk.internal.reflect.NativeConstructorAccessorImpl.newInstance(NativeConstructorAccessorImpl.java:77)
at java.base/jdk.internal.reflect.DelegatingConstructorAccessorImpl.newInstance(DelegatingConstructorAccessorImpl.java:45)
at java.base/java.lang.reflect.Constructor.newInstanceWithCaller(Constructor.java:499)
at java.base/java.lang.reflect.Constructor.newInstance(Constructor.java:480)
at org.openqa.selenium.remote.codec.w3c.W3CHttpResponseCodec.createException(W3CHttpResponseCodec.java:200)
at org.openqa.selenium.remote.codec.w3c.W3CHttpResponseCodec.decode(W3CHttpResponseCodec.java:133)
at org.openqa.selenium.remote.codec.w3c.W3CHttpResponseCodec.decode(W3CHttpResponseCodec.java:52)
at org.openqa.selenium.remote.HttpCommandExecutor.execute(HttpCommandExecutor.java:191)
at org.openqa.selenium.remote.service.DriverCommandExecutor.invokeExecute(DriverCommandExecutor.java:196)
at org.openqa.selenium.remote.service.DriverCommandExecutor.execute(DriverCommandExecutor.java:171)
at org.openqa.selenium.remote.RemoteWebDriver.execute(RemoteWebDriver.java:602)
at org.openqa.selenium.remote.RemoteWebElement.execute(RemoteWebElement.java:224)
at org.openqa.selenium.remote.RemoteWebElement.click(RemoteWebElement.java:77)
at HWKSalesConsole.CreateNewTask.createNewTask(CreateNewTask.java:40)
at SITTestScripts.CreateTask.CreateNewTask(CreateTask.java:33)
at java.base/jdk.internal.reflect.NativeMethodAccessorImpl.invoke0(Native Method)
at java.base/jdk.internal.reflect.NativeMethodAccessorImpl.invoke(NativeMethodAccessorImpl.java:77)
at java.base/jdk.internal.reflect.DelegatingMethodAccessorImpl.invoke(DelegatingMethodAccessorImpl.java:43)
at java.base/java.lang.reflect.Method.invoke(Method.java:568)
at org.testng.internal.invokers.MethodInvocationHelper.invokeMethod(MethodInvocationHelper.java:139)
at org.testng.internal.invokers.TestInvoker.invokeMethod(TestInvoker.java:677)
at org.testng.internal.invokers.TestInvoker.invokeTestMethod(TestInvoker.java:221)
at org.testng.internal.invokers.MethodRunner.runInSequence(MethodRunner.java:50)
at org.testng.internal.invokers.TestInvoker$MethodInvocationAgent.invoke(TestInvoker.java:969)
at org.testng.internal.invokers.TestInvoker.invokeTestMethods(TestInvoker.java:194)
at org.testng.internal.invokers.TestMethodWorker.invokeTestMethods(TestMethodWorker.java:148)
at org.testng.internal.invokers.TestMethodWorker.run(TestMethodWorker.java:128)
at java.base/java.util.ArrayList.forEach(ArrayList.java:1511)
at org.testng.TestRunner.privateRun(TestRunner.java:829)
at org.testng.TestRunner.run(TestRunner.java:602)
at org.testng.SuiteRunner.runTest(SuiteRunner.java:437)
at org.testng.SuiteRunner.runSequentially(SuiteRunner.java:431)
at org.testng.SuiteRunner.privateRun(SuiteRunner.java:391)
at org.testng.SuiteRunner.run(SuiteRunner.java:330)
at org.testng.SuiteRunnerWorker.runSuite(SuiteRunnerWorker.java:52)
at org.testng.SuiteRunnerWorker.run(SuiteRunnerWorker.java:95)
at org.testng.TestNG.runSuitesSequentially(TestNG.java:1256)
at org.testng.TestNG.runSuitesLocally(TestNG.java:1176)
at org.testng.TestNG.runSuites(TestNG.java:1099)
at org.testng.TestNG.run(TestNG.java:1067)
at org.testng.remote.AbstractRemoteTestNG.run(AbstractRemoteTestNG.java:115)
at org.testng.remote.RemoteTestNG.initAndRun(RemoteTestNG.java:251)
at org.testng.remote.RemoteTestNG.main(RemoteTestNG.java:77)
]]>
    </error>
  </testcase> <!-- CreateNewTask -->
  <system-out/>
</testsuite> <!-- SITTestScripts.CreateTask -->
